Change Component Footprint: Designator=P2 Old Footprint=4 Pin Screw Terminal New Footprint=PCB_MLX_MICROFIT_3X2
Change Component Footprint: Designator=P3 Old Footprint=4 Pin Screw Terminal New Footprint=PCB_MLX_MICROFIT_3X2
Change Component Footprint: Designator=P4 Old Footprint=4 Pin Screw Terminal New Footprint=PCB_MLX_MICROFIT_3X2
Change Component Footprint: Designator=P5 Old Footprint=4 Pin Screw Terminal New Footprint=PCB_MLX_MICROFIT_3X2
Change Component Footprint: Designator=U3 Old Footprint=SOT95P280X145-5N New Footprint=3.3V_500mA_LDO
Change Component Comment : Designator=U3 Old Comment=3.3V LDO New Comment=3.3V_500mA_LDO
Change Component Comment : Designator=P2 Old Comment=4 Screw Term New Comment=SCH_MLX_MICROFIT_3X2
Change Component Comment : Designator=P3 Old Comment=4 Screw Term New Comment=SCH_MLX_MICROFIT_3X2
Change Component Comment : Designator=P4 Old Comment=4 Screw Term New Comment=SCH_MLX_MICROFIT_3X2
Change Component Comment : Designator=P5 Old Comment=4 Screw Term New Comment=SCH_MLX_MICROFIT_3X2
Change component parameters: Designator = "C16"; Footprint = "PCB_GENERIC_SMD_0603"; UniqueID = "\XCLTENPY"
Change component parameters. Clean all parameters for all variants
Change component parameters (AddParameter): Name = "Capacitance"; Value = "0.33uF"; VariantName = "[No Variations]"
Change component parameters (AddParameter): Name = "Tolerance"; Value = "*%"; VariantName = "[No Variations]"
Change component parameters: Designator = "C17"; Footprint = "PCB_GENERIC_SMD_0603"; UniqueID = "\BURNTAWJ"
Change component parameters. Clean all parameters for all variants
Change component parameters (AddParameter): Name = "Capacitance"; Value = "0.1uF"; VariantName = "[No Variations]"
Change component parameters: Designator = "U3"; Footprint = "3.3V_500mA_LDO"; UniqueID = "\UFKEBIOY"
Change component parameters. Clean all parameters for all variants
Change component parameters (AddParameter): Name = "Supplier"; Value = "Digikey"; VariantName = "[No Variations]"
Change component parameters (AddParameter): Name = "Supplier Part Number"; Value = "296-13424-1-ND"; VariantName = "[No Variations]"
Added Component: Designator=H1(M4_Hole)
Add component. Clean all parameters for all variants
Added Component: Designator=H2(M4_Hole)
Add component. Clean all parameters for all variants
Added Component: Designator=H3(M4_Hole)
Add component. Clean all parameters for all variants
Added Component: Designator=H4(M4_Hole)
Add component. Clean all parameters for all variants
Added Pin To Net: NetName=3V3_BM Pin=BM_ON-1
Added Pin To Net: NetName=3V3_BM Pin=C18-2
Added Pin To Net: NetName=3V3_BM Pin=R2-2
Added Pin To Net: NetName=3V3_BM Pin=R3-1
Added Pin To Net: NetName=3V3_BM Pin=R25-1
Added Pin To Net: NetName=3V3_BM Pin=U2-14
Added Net: Name=3V3_BM
Added Pin To Net: NetName=3V3_MCU Pin=C1-2
Added Pin To Net: NetName=3V3_MCU Pin=C2-2
Added Pin To Net: NetName=3V3_MCU Pin=C3-2
Added Pin To Net: NetName=3V3_MCU Pin=C4-2
Added Pin To Net: NetName=3V3_MCU Pin=C5-2
Added Pin To Net: NetName=3V3_MCU Pin=C6-2
Added Pin To Net: NetName=3V3_MCU Pin=C7-2
Added Pin To Net: NetName=3V3_MCU Pin=C8-2
Added Pin To Net: NetName=3V3_MCU Pin=C9-2
Added Pin To Net: NetName=3V3_MCU Pin=J1-1
Added Pin To Net: NetName=3V3_MCU Pin=MCU_ON-2
Added Pin To Net: NetName=3V3_MCU Pin=R1-2
Added Pin To Net: NetName=3V3_MCU Pin=R24-1
Added Pin To Net: NetName=3V3_MCU Pin=U1-6
Added Pin To Net: NetName=3V3_MCU Pin=U1-11
Added Pin To Net: NetName=3V3_MCU Pin=U1-19
Added Pin To Net: NetName=3V3_MCU Pin=U1-21
Added Pin To Net: NetName=3V3_MCU Pin=U1-22
Added Pin To Net: NetName=3V3_MCU Pin=U1-28
Added Pin To Net: NetName=3V3_MCU Pin=U1-50
Added Pin To Net: NetName=3V3_MCU Pin=U1-75
Added Pin To Net: NetName=3V3_MCU Pin=U1-100
Added Net: Name=3V3_MCU
Added Pin To Net: NetName=3V3 Pin=BM_ON-2
Added Pin To Net: NetName=3V3 Pin=C17-2
Added Pin To Net: NetName=3V3 Pin=MCU_ON-1
Added Pin To Net: NetName=3V3 Pin=U3-3
Added Net: Name=3V3
Added Pin To Net: NetName=5V_DCDC Pin=D2-2
Added Pin To Net: NetName=5V_DCDC Pin=P2-6
Added Pin To Net: NetName=5V_DCDC Pin=P3-6
Added Pin To Net: NetName=5V_DCDC Pin=P4-6
Added Pin To Net: NetName=5V_DCDC Pin=P5-6
Added Pin To Net: NetName=5V_DCDC Pin=R22-1
Added Pin To Net: NetName=5V_DCDC Pin=U4-3
Added Net: Name=5V_DCDC
Added Pin To Net: NetName=5V_UART Pin=D1-2
Added Pin To Net: NetName=5V_UART Pin=P1-4
Added Pin To Net: NetName=5V_UART Pin=R23-1
Added Net: Name=5V_UART
Added Pin To Net: NetName=5V Pin=D1-1
Added Pin To Net: NetName=5V Pin=D2-1
Added Pin To Net: NetName=5V Pin=LDO_ON-1
Added Net: Name=5V
Added Pin To Net: NetName=9V Pin=P7-1
Added Pin To Net: NetName=9V Pin=U4-1
Added Net: Name=9V
Added Pin To Net: NetName=BackLeftBuzz Pin=P5-5
Added Pin To Net: NetName=BackLeftBuzz Pin=U1-2
Added Net: Name=BackLeftBuzz
Added Pin To Net: NetName=BackLeftSense Pin=D3-1
Added Pin To Net: NetName=BackLeftSense Pin=P5-4
Added Pin To Net: NetName=BackLeftSense Pin=U1-25
Added Net: Name=BackLeftSense
Added Pin To Net: NetName=BackRightBuzz Pin=P3-5
Added Pin To Net: NetName=BackRightBuzz Pin=U1-34
Added Net: Name=BackRightBuzz
Added Pin To Net: NetName=BackRightSense Pin=D6-1
Added Pin To Net: NetName=BackRightSense Pin=P3-4
Added Pin To Net: NetName=BackRightSense Pin=U1-30
Added Net: Name=BackRightSense
Added Pin To Net: NetName=BM71_RX Pin=P6-3
Added Pin To Net: NetName=BM71_RX Pin=RX-2
Added Pin To Net: NetName=BM71_RX Pin=U2-7
Added Net: Name=BM71_RX
Added Pin To Net: NetName=BM71_TX Pin=P6-2
Added Pin To Net: NetName=BM71_TX Pin=TX-2
Added Pin To Net: NetName=BM71_TX Pin=U2-8
Added Net: Name=BM71_TX
Added Pin To Net: NetName=CONFIG_MCU Pin=CONF-1
Added Pin To Net: NetName=CONFIG_MCU Pin=U1-46
Added Net: Name=CONFIG_MCU
Added Pin To Net: NetName=CONFIG Pin=CONF-2
Added Pin To Net: NetName=CONFIG Pin=P6-4
Added Pin To Net: NetName=CONFIG Pin=U2-16
Added Net: Name=CONFIG
Added Pin To Net: NetName=Debug_RX Pin=P1-2
Added Pin To Net: NetName=Debug_RX Pin=U1-48
Added Net: Name=Debug_RX
Added Pin To Net: NetName=Debug_TX Pin=P1-3
Added Pin To Net: NetName=Debug_TX Pin=U1-47
Added Net: Name=Debug_TX
Added Pin To Net: NetName=FrontLeftBuzz Pin=P4-5
Added Pin To Net: NetName=FrontLeftBuzz Pin=U1-1
Added Net: Name=FrontLeftBuzz
Added Pin To Net: NetName=FrontLeftSense Pin=D8-1
Added Pin To Net: NetName=FrontLeftSense Pin=P4-4
Added Pin To Net: NetName=FrontLeftSense Pin=U1-24
Added Net: Name=FrontLeftSense
Added Pin To Net: NetName=FrontRightBuzz Pin=P2-5
Added Pin To Net: NetName=FrontRightBuzz Pin=U1-33
Added Net: Name=FrontRightBuzz
Added Pin To Net: NetName=FrontRightSense Pin=D4-1
Added Pin To Net: NetName=FrontRightSense Pin=P2-4
Added Pin To Net: NetName=FrontRightSense Pin=U1-31
Added Net: Name=FrontRightSense
Added Pin To Net: NetName=GND Pin=1-2
Added Pin To Net: NetName=GND Pin=2-2
Added Pin To Net: NetName=GND Pin=3-2
Added Pin To Net: NetName=GND Pin=4-2
Added Pin To Net: NetName=GND Pin=BM_PWR-2
Added Pin To Net: NetName=GND Pin=BM_RESET-2
Added Pin To Net: NetName=GND Pin=C1-1
Added Pin To Net: NetName=GND Pin=C2-1
Added Pin To Net: NetName=GND Pin=C3-1
Added Pin To Net: NetName=GND Pin=C4-1
Added Pin To Net: NetName=GND Pin=C5-1
Added Pin To Net: NetName=GND Pin=C6-1
Added Pin To Net: NetName=GND Pin=C7-1
Added Pin To Net: NetName=GND Pin=C8-1
Added Pin To Net: NetName=GND Pin=C9-1
Added Pin To Net: NetName=GND Pin=C10-1
Added Pin To Net: NetName=GND Pin=C11-1
Added Pin To Net: NetName=GND Pin=C12-1
Added Pin To Net: NetName=GND Pin=C13-1
Added Pin To Net: NetName=GND Pin=C14-2
Added Pin To Net: NetName=GND Pin=C16-2
Added Pin To Net: NetName=GND Pin=C17-1
Added Pin To Net: NetName=GND Pin=C18-1
Added Pin To Net: NetName=GND Pin=C19-1
Added Pin To Net: NetName=GND Pin=D3-2
Added Pin To Net: NetName=GND Pin=D4-2
Added Pin To Net: NetName=GND Pin=D6-2
Added Pin To Net: NetName=GND Pin=D8-2
Added Pin To Net: NetName=GND Pin=DCDC_PWR-2
Added Pin To Net: NetName=GND Pin=J1-3
Added Pin To Net: NetName=GND Pin=J1-5
Added Pin To Net: NetName=GND Pin=J1-9
Added Pin To Net: NetName=GND Pin=MCU_PWR-2
Added Pin To Net: NetName=GND Pin=MCU_RESET-4
Added Pin To Net: NetName=GND Pin=P0_0-2
Added Pin To Net: NetName=GND Pin=P1-1
Added Pin To Net: NetName=GND Pin=P1_2-2
Added Pin To Net: NetName=GND Pin=P1_3-2
Added Pin To Net: NetName=GND Pin=P1_6-2
Added Pin To Net: NetName=GND Pin=P1_7-2
Added Pin To Net: NetName=GND Pin=P2-2
Added Pin To Net: NetName=GND Pin=P2-3
Added Pin To Net: NetName=GND Pin=P2_7-2
Added Pin To Net: NetName=GND Pin=P3-2
Added Pin To Net: NetName=GND Pin=P3-3
Added Pin To Net: NetName=GND Pin=P3_6-2
Added Pin To Net: NetName=GND Pin=P4-2
Added Pin To Net: NetName=GND Pin=P4-3
Added Pin To Net: NetName=GND Pin=P5-2
Added Pin To Net: NetName=GND Pin=P5-3
Added Pin To Net: NetName=GND Pin=P6-1
Added Pin To Net: NetName=GND Pin=P7-2
Added Pin To Net: NetName=GND Pin=R6-1
Added Pin To Net: NetName=GND Pin=R9-1
Added Pin To Net: NetName=GND Pin=R10-1
Added Pin To Net: NetName=GND Pin=R11-1
Added Pin To Net: NetName=GND Pin=R15-1
Added Pin To Net: NetName=GND Pin=R16-1
Added Pin To Net: NetName=GND Pin=R17-1
Added Pin To Net: NetName=GND Pin=U1-10
Added Pin To Net: NetName=GND Pin=U1-20
Added Pin To Net: NetName=GND Pin=U1-27
Added Pin To Net: NetName=GND Pin=U1-74
Added Pin To Net: NetName=GND Pin=U1-94
Added Pin To Net: NetName=GND Pin=U1-99
Added Pin To Net: NetName=GND Pin=U2-2
Added Pin To Net: NetName=GND Pin=U2-13
Added Pin To Net: NetName=GND Pin=U3-2
Added Pin To Net: NetName=GND Pin=U3-4
Added Pin To Net: NetName=GND Pin=U4-2
Added Pin To Net: NetName=GND Pin=UART_PWR-2
Added Net: Name=GND
Added Pin To Net: NetName=JTDI Pin=J1-8
Added Pin To Net: NetName=JTDI Pin=U1-77
Added Net: Name=JTDI
Added Pin To Net: NetName=LED_1 Pin=SB8-2
Added Pin To Net: NetName=LED_1 Pin=U1-95
Added Net: Name=LED_1
Added Pin To Net: NetName=LED_2 Pin=SB9-2
Added Pin To Net: NetName=LED_2 Pin=U1-96
Added Net: Name=LED_2
Added Pin To Net: NetName=LED_3 Pin=SB10-2
Added Pin To Net: NetName=LED_3 Pin=U1-97
Added Net: Name=LED_3
Added Pin To Net: NetName=LED_4 Pin=SB11-2
Added Pin To Net: NetName=LED_4 Pin=U1-98
Added Net: Name=LED_4
Added Pin To Net: NetName=MCU_RX Pin=RX-1
Added Pin To Net: NetName=MCU_RX Pin=U1-69
Added Net: Name=MCU_RX
Added Pin To Net: NetName=MCU_TX Pin=TX-1
Added Pin To Net: NetName=MCU_TX Pin=U1-68
Added Net: Name=MCU_TX
Added Pin To Net: NetName=Net1_1 Pin=1-1
Added Pin To Net: NetName=Net1_1 Pin=R18-1
Added Net: Name=Net1_1
Added Pin To Net: NetName=Net2_1 Pin=2-1
Added Pin To Net: NetName=Net2_1 Pin=R19-1
Added Net: Name=Net2_1
Added Pin To Net: NetName=Net3_1 Pin=3-1
Added Pin To Net: NetName=Net3_1 Pin=R20-1
Added Net: Name=Net3_1
Added Pin To Net: NetName=Net4_1 Pin=4-1
Added Pin To Net: NetName=Net4_1 Pin=R21-1
Added Net: Name=Net4_1
Added Pin To Net: NetName=NetBM_MODE_1 Pin=BM_MODE-1
Added Pin To Net: NetName=NetBM_MODE_1 Pin=R2-1
Added Net: Name=NetBM_MODE_1
Added Pin To Net: NetName=NetBM_PWR_1 Pin=BM_PWR-1
Added Pin To Net: NetName=NetBM_PWR_1 Pin=R25-2
Added Net: Name=NetBM_PWR_1
Added Pin To Net: NetName=NetC11_2 Pin=C11-2
Added Pin To Net: NetName=NetC11_2 Pin=U1-13
Added Pin To Net: NetName=NetC11_2 Pin=X1-2
Added Net: Name=NetC11_2
Added Pin To Net: NetName=NetC12_2 Pin=C12-2
Added Pin To Net: NetName=NetC12_2 Pin=U1-73
Added Net: Name=NetC12_2
Added Pin To Net: NetName=NetC13_2 Pin=C13-2
Added Pin To Net: NetName=NetC13_2 Pin=U1-49
Added Net: Name=NetC13_2
Added Pin To Net: NetName=NetC16_1 Pin=C16-1
Added Pin To Net: NetName=NetC16_1 Pin=LDO_ON-2
Added Pin To Net: NetName=NetC16_1 Pin=U3-1
Added Net: Name=NetC16_1
Added Pin To Net: NetName=NetDCDC_PWR_1 Pin=DCDC_PWR-1
Added Pin To Net: NetName=NetDCDC_PWR_1 Pin=R22-2
Added Net: Name=NetDCDC_PWR_1
Added Pin To Net: NetName=NetMCU_PWR_1 Pin=MCU_PWR-1
Added Pin To Net: NetName=NetMCU_PWR_1 Pin=R24-2
Added Net: Name=NetMCU_PWR_1
Added Pin To Net: NetName=NetP0_0_1 Pin=P0_0-1
Added Pin To Net: NetName=NetP0_0_1 Pin=R13-2
Added Net: Name=NetP0_0_1
Added Pin To Net: NetName=NetP1_2_1 Pin=P1_2-1
Added Pin To Net: NetName=NetP1_2_1 Pin=R5-2
Added Net: Name=NetP1_2_1
Added Pin To Net: NetName=NetP1_3_1 Pin=P1_3-1
Added Pin To Net: NetName=NetP1_3_1 Pin=R7-2
Added Net: Name=NetP1_3_1
Added Pin To Net: NetName=NetP1_6_1 Pin=P1_6-1
Added Pin To Net: NetName=NetP1_6_1 Pin=R8-2
Added Net: Name=NetP1_6_1
Added Pin To Net: NetName=NetP1_7_1 Pin=P1_7-1
Added Pin To Net: NetName=NetP1_7_1 Pin=R4-2
Added Net: Name=NetP1_7_1
Added Pin To Net: NetName=NetP2_7_1 Pin=P2_7-1
Added Pin To Net: NetName=NetP2_7_1 Pin=R12-2
Added Net: Name=NetP2_7_1
Added Pin To Net: NetName=NetP3_6_1 Pin=P3_6-1
Added Pin To Net: NetName=NetP3_6_1 Pin=R14-2
Added Net: Name=NetP3_6_1
Added Pin To Net: NetName=NetR4_1 Pin=R4-1
Added Pin To Net: NetName=NetR4_1 Pin=R6-2
Added Pin To Net: NetName=NetR4_1 Pin=SB4-1
Added Net: Name=NetR4_1
Added Pin To Net: NetName=NetR5_1 Pin=R5-1
Added Pin To Net: NetName=NetR5_1 Pin=R9-2
Added Pin To Net: NetName=NetR5_1 Pin=SB1-1
Added Net: Name=NetR5_1
Added Pin To Net: NetName=NetR7_1 Pin=R7-1
Added Pin To Net: NetName=NetR7_1 Pin=R10-2
Added Pin To Net: NetName=NetR7_1 Pin=SB2-1
Added Net: Name=NetR7_1
Added Pin To Net: NetName=NetR8_1 Pin=R8-1
Added Pin To Net: NetName=NetR8_1 Pin=R11-2
Added Pin To Net: NetName=NetR8_1 Pin=SB3-1
Added Net: Name=NetR8_1
Added Pin To Net: NetName=NetR12_1 Pin=R12-1
Added Pin To Net: NetName=NetR12_1 Pin=R15-2
Added Pin To Net: NetName=NetR12_1 Pin=SB5-1
Added Net: Name=NetR12_1
Added Pin To Net: NetName=NetR13_1 Pin=R13-1
Added Pin To Net: NetName=NetR13_1 Pin=R16-2
Added Pin To Net: NetName=NetR13_1 Pin=SB6-1
Added Net: Name=NetR13_1
Added Pin To Net: NetName=NetR14_1 Pin=R14-1
Added Pin To Net: NetName=NetR14_1 Pin=R17-2
Added Pin To Net: NetName=NetR14_1 Pin=SB7-1
Added Net: Name=NetR14_1
Added Pin To Net: NetName=NetR18_2 Pin=R18-2
Added Pin To Net: NetName=NetR18_2 Pin=SB8-1
Added Net: Name=NetR18_2
Added Pin To Net: NetName=NetR19_2 Pin=R19-2
Added Pin To Net: NetName=NetR19_2 Pin=SB9-1
Added Net: Name=NetR19_2
Added Pin To Net: NetName=NetR20_2 Pin=R20-2
Added Pin To Net: NetName=NetR20_2 Pin=SB10-1
Added Net: Name=NetR20_2
Added Pin To Net: NetName=NetR21_2 Pin=R21-2
Added Pin To Net: NetName=NetR21_2 Pin=SB11-1
Added Net: Name=NetR21_2
Added Pin To Net: NetName=NetR23_2 Pin=R23-2
Added Pin To Net: NetName=NetR23_2 Pin=UART_PWR-1
Added Net: Name=NetR23_2
Added Pin To Net: NetName=NReset Pin=C14-1
Added Pin To Net: NetName=NReset Pin=J1-10
Added Pin To Net: NetName=NReset Pin=MCU_RESET-2
Added Pin To Net: NetName=NReset Pin=R1-1
Added Pin To Net: NetName=NReset Pin=U1-14
Added Net: Name=NReset
Added Pin To Net: NetName=P0_0 Pin=SB6-2
Added Pin To Net: NetName=P0_0 Pin=U1-53
Added Pin To Net: NetName=P0_0 Pin=U2-11
Added Net: Name=P0_0
Added Pin To Net: NetName=P0_2/LED Pin=BM_MODE-2
Added Pin To Net: NetName=P0_2/LED Pin=U2-12
Added Net: Name=P0_2/LED
Added Pin To Net: NetName=P1_2 Pin=SB1-2
Added Pin To Net: NetName=P1_2 Pin=U1-63
Added Pin To Net: NetName=P1_2 Pin=U2-3
Added Net: Name=P1_2
Added Pin To Net: NetName=P1_3 Pin=SB2-2
Added Pin To Net: NetName=P1_3 Pin=U1-64
Added Pin To Net: NetName=P1_3 Pin=U2-4
Added Net: Name=P1_3
Added Pin To Net: NetName=P1_6 Pin=SB3-2
Added Pin To Net: NetName=P1_6 Pin=U1-65
Added Pin To Net: NetName=P1_6 Pin=U2-6
Added Net: Name=P1_6
Added Pin To Net: NetName=P1_7 Pin=SB4-2
Added Pin To Net: NetName=P1_7 Pin=U1-66
Added Pin To Net: NetName=P1_7 Pin=U2-5
Added Net: Name=P1_7
Added Pin To Net: NetName=P2_7 Pin=SB5-2
Added Pin To Net: NetName=P2_7 Pin=U1-54
Added Pin To Net: NetName=P2_7 Pin=U2-15
Added Net: Name=P2_7
Added Pin To Net: NetName=P3_6 Pin=SB7-2
Added Pin To Net: NetName=P3_6 Pin=U1-52
Added Pin To Net: NetName=P3_6 Pin=U2-9
Added Net: Name=P3_6
Added Pin To Net: NetName=RST_BM71 Pin=BM_RESET-4
Added Pin To Net: NetName=RST_BM71 Pin=C19-2
Added Pin To Net: NetName=RST_BM71 Pin=R3-2
Added Pin To Net: NetName=RST_BM71 Pin=U2-10
Added Net: Name=RST_BM71
Added Pin To Net: NetName=SCLK Pin=C10-2
Added Pin To Net: NetName=SCLK Pin=U1-12
Added Pin To Net: NetName=SCLK Pin=X1-1
Added Net: Name=SCLK
Added Pin To Net: NetName=SWDCLK Pin=J1-4
Added Pin To Net: NetName=SWDCLK Pin=U1-76
Added Net: Name=SWDCLK
Added Pin To Net: NetName=SWDIO Pin=J1-2
Added Pin To Net: NetName=SWDIO Pin=U1-72
Added Net: Name=SWDIO
Added Pin To Net: NetName=SWO Pin=J1-6
Added Pin To Net: NetName=SWO Pin=U1-89
Added Net: Name=SWO
Added Class: Name=MCUandExtra
Added Room: Name=MCUandExtra
